<?xml version="1.0" encoding="UTF-8"?>
<!-- Generated by org.testng.reporters.JUnitReportReporter -->
<testsuite hostname="MA362" failures="0" tests="2" name="com.mercurytours.testcases.Car_RentalTest" time="37.570" errors="0" timestamp="2024-03-20T09:44:39 GMT+05:30" skipped="0">
  <testcase classname="com.mercurytours.testcases.Car_RentalTest" name="VerifyCarRental" time="17.637"/>
  <testcase classname="com.mercurytours.testcases.Car_RentalTest" name="VerifyBackToHome" time="19.933"/>
</testsuite> <!-- com.mercurytours.testcases.Car_RentalTest -->
