<?xml version="1.0" encoding="UTF-8"?>
<!-- Generated by org.testng.reporters.JUnitReportReporter -->
<testsuite hostname="MA362" failures="0" tests="2" name="com.mercurytours.testcases.HotelPageTest" time="41.402" errors="0" timestamp="2024-03-20T09:44:39 GMT+05:30" skipped="0">
  <testcase classname="com.mercurytours.testcases.HotelPageTest" name="verifyHotelPage" time="20.228"/>
  <testcase classname="com.mercurytours.testcases.HotelPageTest" name="verifyBackToHome" time="21.174"/>
</testsuite> <!-- com.mercurytours.testcases.HotelPageTest -->
