<?xml version="1.0" encoding="UTF-8"?>
<!-- Generated by org.testng.reporters.JUnitReportReporter -->
<testsuite hostname="MA362" failures="0" tests="1" name="com.mercurytours.base.BaseTest" time="17.896" errors="0" timestamp="2024-03-14T14:14:19 GMT+05:30" skipped="0">
  <testcase classname="com.mercurytours.base.BaseTest" name="launchApp" time="17.896"/>
</testsuite> <!-- com.mercurytours.base.BaseTest -->
