<?xml version="1.0" encoding="UTF-8"?>
<!-- Generated by org.testng.reporters.JUnitReportReporter -->
<testsuite hostname="MA362" failures="0" tests="1" name="sample.Day1" time="33.979" errors="0" timestamp="2024-03-12T12:52:56 GMT+05:30" skipped="0">
  <testcase classname="sample.Day1" name="testfuction" time="33.979"/>
</testsuite> <!-- sample.Day1 -->
