<?xml version="1.0" encoding="UTF-8"?>
<!-- Generated by org.testng.reporters.JUnitReportReporter -->
<testsuite hostname="MA362" failures="0" tests="1" name="com.mercurytours.testcases.FlightTest" time="30.022" errors="0" timestamp="2024-03-20T09:44:39 GMT+05:30" skipped="0">
  <testcase classname="com.mercurytours.testcases.FlightTest" name="flightInfo" time="30.022"/>
</testsuite> <!-- com.mercurytours.testcases.FlightTest -->
